<?xml version="1.0" encoding="UTF-8"?>
<!-- Generated by org.testng.reporters.JUnitReportReporter -->
<testsuite hostname="DESKTOP-367I245" failures="0" tests="4" name="com.qa.DemoCart.tests.RegistrationPageTest" time="13.306" errors="0" timestamp="2023-03-02T10:49:03 GMT+05:30" skipped="0">
  <testcase classname="com.qa.DemoCart.tests.RegistrationPageTest" name="userRegistrationTest" time="3.586"/>
  <system-out/>
  <testcase classname="com.qa.DemoCart.tests.RegistrationPageTest" name="userRegistrationTest" time="3.592"/>
  <system-out/>
  <testcase classname="com.qa.DemoCart.tests.RegistrationPageTest" name="userRegistrationTest" time="3.290"/>
  <system-out/>
  <testcase classname="com.qa.DemoCart.tests.RegistrationPageTest" name="userRegistrationTest" time="2.838"/>
  <system-out/>
</testsuite> <!-- com.qa.DemoCart.tests.RegistrationPageTest -->
