<?xml version="1.0" encoding="UTF-8"?>
<!-- Generated by org.testng.reporters.JUnitReportReporter -->
<testsuite hostname="DESKTOP-367I245" failures="0" tests="5" name="com.qa.DemoCart.tests.AccountsPageTest" time="0.539" errors="0" timestamp="2023-03-02T10:49:03 GMT+05:30" skipped="0">
  <testcase classname="com.qa.DemoCart.tests.AccountsPageTest" name="AccountPageHeadertest" time="0.031"/>
  <system-out/>
  <testcase classname="com.qa.DemoCart.tests.AccountsPageTest" name="isLogoutlinkTest" time="0.071"/>
  <system-out/>
  <testcase classname="com.qa.DemoCart.tests.AccountsPageTest" name="AccountPageTitleTest" time="0.035"/>
  <system-out/>
  <testcase classname="com.qa.DemoCart.tests.AccountsPageTest" name="AccountSectionsListTest" time="0.308"/>
  <system-out/>
  <testcase classname="com.qa.DemoCart.tests.AccountsPageTest" name="AccountpageLogo" time="0.094"/>
  <system-out/>
</testsuite> <!-- com.qa.DemoCart.tests.AccountsPageTest -->
