<?xml version="1.0" encoding="UTF-8"?>
<!-- Generated by org.testng.reporters.JUnitReportReporter -->
<testsuite hostname="DESKTOP-367I245" failures="0" tests="1" name="ProductInfoTest" time="9.656" errors="0" timestamp="18 Sep 2022 06:04:58 GMT" skipped="0">
  <testcase classname="ProductInfoTest" name="getsuccesstext" time="9.656"/>
</testsuite> <!-- ProductInfoTest -->
