<?xml version="1.0" encoding="UTF-8"?>
<!-- Generated by org.testng.reporters.JUnitReportReporter -->
<testsuite hostname="DESKTOP-367I245" failures="0" tests="4" name="com.qa.DemoCart.tests.LoginPageTest" time="2.161" errors="0" timestamp="2023-03-02T10:49:03 GMT+05:30" skipped="1">
  <testcase classname="com.qa.DemoCart.tests.LoginPageTest" name="LoginPageTitleTest" time="0.223"/>
  <system-out/>
  <testcase classname="com.qa.DemoCart.tests.LoginPageTest" name="forgotpwdlinktest" time="0.129"/>
  <system-out/>
  <testcase classname="com.qa.DemoCart.tests.LoginPageTest" name="dologintest" time="1.809"/>
  <system-out/>
  <testcase classname="com.qa.DemoCart.tests.LoginPageTest" name="LoginPageURLTest">
    <skipped/>
  </testcase> <!-- LoginPageURLTest -->
  <system-out/>
</testsuite> <!-- com.qa.DemoCart.tests.LoginPageTest -->
